Flow report for FSM_based_traffic_controller
Sun May 18 22:41:14 2025
Quartus Prime Version 20.1.0 Build 711 06/05/2020 SJ Lite Edition


---------------------
; Table of Contents ;
---------------------
  1. Legal Notice
  2. Flow Summary
  3. Flow Settings
  4. Flow Non-Default Global Settings
  5. Flow Elapsed Time
  6. Flow OS Summary
  7. Flow Log
  8. Flow Messages
  9. Flow Suppressed Messages



----------------
; Legal Notice ;
----------------
Copyright (C) 2020  Intel Corporation. All rights reserved.
Your use of Intel Corporation's design tools, logic functions 
and other software and tools, and any partner logic 
functions, and any output files from any of the foregoing 
(including device programming or simulation files), and any 
associated documentation or information are expressly subject 
to the terms and conditions of the Intel Program License 
Subscription Agreement, the Intel Quartus Prime License Agreement,
the Intel FPGA IP License Agreement, or other applicable license
agreement, including, without limitation, that your use is for
the sole purpose of programming logic devices manufactured by
Intel and sold by Intel or its authorized distributors.  Please
refer to the applicable agreement for further details, at
https://fpgasoftware.intel.com/eula.



+----------------------------------------------------------------------------------+
; Flow Summary                                                                     ;
+------------------------------------+---------------------------------------------+
; Flow Status                        ; Successful - Sun May 18 22:41:14 2025       ;
; Quartus Prime Version              ; 20.1.0 Build 711 06/05/2020 SJ Lite Edition ;
; Revision Name                      ; FSM_based_traffic_controller                ;
; Top-level Entity Name              ; FSM_based_traffic_controller                ;
; Family                             ; Cyclone IV E                                ;
; Device                             ; EP4CE115F29I7                               ;
; Timing Models                      ; Final                                       ;
; Total logic elements               ; 3 / 114,480 ( < 1 % )                       ;
;     Total combinational functions  ; 3 / 114,480 ( < 1 % )                       ;
;     Dedicated logic registers      ; 1 / 114,480 ( < 1 % )                       ;
; Total registers                    ; 1                                           ;
; Total pins                         ; 7 / 529 ( 1 % )                             ;
; Total virtual pins                 ; 0                                           ;
; Total memory bits                  ; 0 / 3,981,312 ( 0 % )                       ;
; Embedded Multiplier 9-bit elements ; 0 / 532 ( 0 % )                             ;
; Total PLLs                         ; 0 / 4 ( 0 % )                               ;
+------------------------------------+---------------------------------------------+


+--------------------------------------------------+
; Flow Settings                                    ;
+-------------------+------------------------------+
; Option            ; Setting                      ;
+-------------------+------------------------------+
; Start date & time ; 05/18/2025 22:27:49          ;
; Main task         ; Compilation                  ;
; Revision Name     ; FSM_based_traffic_controller ;
+-------------------+------------------------------+


+------------------------------------------------------------------------------------------------------------------------------------------------+
; Flow Non-Default Global Settings                                                                                                               ;
+-------------------------------------+----------------------------------------+---------------+-------------+-----------------------------------+
; Assignment Name                     ; Value                                  ; Default Value ; Entity Name ; Section Id                        ;
+-------------------------------------+----------------------------------------+---------------+-------------+-----------------------------------+
; COMPILER_SIGNATURE_ID               ; 181161458197699.174758746957071        ; --            ; --          ; --                                ;
; EDA_GENERATE_FUNCTIONAL_NETLIST     ; Off                                    ; --            ; --          ; eda_board_design_timing           ;
; EDA_GENERATE_FUNCTIONAL_NETLIST     ; Off                                    ; --            ; --          ; eda_board_design_boundary_scan    ;
; EDA_GENERATE_FUNCTIONAL_NETLIST     ; Off                                    ; --            ; --          ; eda_board_design_signal_integrity ;
; EDA_GENERATE_FUNCTIONAL_NETLIST     ; Off                                    ; --            ; --          ; eda_board_design_symbol           ;
; EDA_OUTPUT_DATA_FORMAT              ; Verilog Hdl                            ; --            ; --          ; eda_simulation                    ;
; EDA_SIMULATION_TOOL                 ; ModelSim-Altera (Verilog)              ; <None>        ; --          ; --                                ;
; EDA_TIME_SCALE                      ; 1 ps                                   ; --            ; --          ; eda_simulation                    ;
; MAX_CORE_JUNCTION_TEMP              ; 100                                    ; --            ; --          ; --                                ;
; MIN_CORE_JUNCTION_TEMP              ; -40                                    ; --            ; --          ; --                                ;
; NOMINAL_CORE_SUPPLY_VOLTAGE         ; 1.2V                                   ; --            ; --          ; --                                ;
; PARTITION_COLOR                     ; -- (Not supported for targeted family) ; --            ; --          ; Top                               ;
; PARTITION_FITTER_PRESERVATION_LEVEL ; -- (Not supported for targeted family) ; --            ; --          ; Top                               ;
; PARTITION_NETLIST_TYPE              ; -- (Not supported for targeted family) ; --            ; --          ; Top                               ;
; PROJECT_OUTPUT_DIRECTORY            ; output_files                           ; --            ; --          ; --                                ;
+-------------------------------------+----------------------------------------+---------------+-------------+-----------------------------------+


+--------------------------------------------------------------------------------------------------------------------------+
; Flow Elapsed Time                                                                                                        ;
+----------------------+--------------+-------------------------+---------------------+------------------------------------+
; Module Name          ; Elapsed Time ; Average Processors Used ; Peak Virtual Memory ; Total CPU Time (on all processors) ;
+----------------------+--------------+-------------------------+---------------------+------------------------------------+
; Analysis & Synthesis ; 00:00:30     ; 1.0                     ; 391 MB              ; 00:01:24                           ;
; Fitter               ; 00:00:41     ; 1.0                     ; 1135 MB             ; 00:00:59                           ;
; Assembler            ; 00:00:13     ; 1.0                     ; 353 MB              ; 00:00:13                           ;
; Timing Analyzer      ; 00:00:07     ; 1.0                     ; 525 MB              ; 00:00:07                           ;
; EDA Netlist Writer   ; 00:00:02     ; 1.0                     ; 603 MB              ; 00:00:02                           ;
; EDA Netlist Writer   ; 00:00:01     ; 1.0                     ; 596 MB              ; 00:00:01                           ;
; EDA Netlist Writer   ; 00:00:02     ; 1.0                     ; 603 MB              ; 00:00:01                           ;
; EDA Netlist Writer   ; 00:00:02     ; 1.0                     ; 599 MB              ; 00:00:01                           ;
; EDA Netlist Writer   ; 00:00:01     ; 1.0                     ; 603 MB              ; 00:00:01                           ;
; EDA Netlist Writer   ; 00:00:02     ; 1.0                     ; 596 MB              ; 00:00:01                           ;
; EDA Netlist Writer   ; 00:00:01     ; 1.0                     ; 603 MB              ; 00:00:01                           ;
; Total                ; 00:01:42     ; --                      ; --                  ; 00:02:51                           ;
+----------------------+--------------+-------------------------+---------------------+------------------------------------+


+--------------------------------------------------------------------------------------------+
; Flow OS Summary                                                                            ;
+----------------------+------------------------+--------------+------------+----------------+
; Module Name          ; Machine Hostname       ; OS Name      ; OS Version ; Processor type ;
+----------------------+------------------------+--------------+------------+----------------+
; Analysis & Synthesis ; hari-the-geth-ThinkPad ; Ubuntu 24.04 ; 24         ; x86_64         ;
; Fitter               ; hari-the-geth-ThinkPad ; Ubuntu 24.04 ; 24         ; x86_64         ;
; Assembler            ; hari-the-geth-ThinkPad ; Ubuntu 24.04 ; 24         ; x86_64         ;
; Timing Analyzer      ; hari-the-geth-ThinkPad ; Ubuntu 24.04 ; 24         ; x86_64         ;
; EDA Netlist Writer   ; hari-the-geth-ThinkPad ; Ubuntu 24.04 ; 24         ; x86_64         ;
; EDA Netlist Writer   ; hari-the-geth-ThinkPad ; Ubuntu 24.04 ; 24         ; x86_64         ;
; EDA Netlist Writer   ; hari-the-geth-ThinkPad ; Ubuntu 24.04 ; 24         ; x86_64         ;
; EDA Netlist Writer   ; hari-the-geth-ThinkPad ; Ubuntu 24.04 ; 24         ; x86_64         ;
; EDA Netlist Writer   ; hari-the-geth-ThinkPad ; Ubuntu 24.04 ; 24         ; x86_64         ;
; EDA Netlist Writer   ; hari-the-geth-ThinkPad ; Ubuntu 24.04 ; 24         ; x86_64         ;
; EDA Netlist Writer   ; hari-the-geth-ThinkPad ; Ubuntu 24.04 ; 24         ; x86_64         ;
+----------------------+------------------------+--------------+------------+----------------+


------------
; Flow Log ;
------------
quartus_map --read_settings_files=on --write_settings_files=off FSM_based_traffic_controller -c FSM_based_traffic_controller
quartus_fit --read_settings_files=off --write_settings_files=off FSM_based_traffic_controller -c FSM_based_traffic_controller
quartus_asm --read_settings_files=off --write_settings_files=off FSM_based_traffic_controller -c FSM_based_traffic_controller
quartus_sta FSM_based_traffic_controller -c FSM_based_traffic_controller
quartus_eda --read_settings_files=off --write_settings_files=off FSM_based_traffic_controller -c FSM_based_traffic_controller
quartus_eda --gen_testbench --tool=modelsim_oem --format=verilog --write_settings_files=off FSM_based_traffic_controller -c FSM_based_traffic_controller --vector_source=/media/hari-the-geth/HPCORE/vlsi_design_lab_exp/GCT_VLSI_LAB/Quartus/FSM_Logic/Waveform.vwf --testbench_file=/media/hari-the-geth/HPCORE/vlsi_design_lab_exp/GCT_VLSI_LAB/Quartus/FSM_Logic/simulation/qsim/Waveform.vwf.vt
quartus_eda --write_settings_files=off --simulation=on --functional=on --flatten_buses=off --tool=modelsim_oem --format=verilog --output_directory=/media/hari-the-geth/HPCORE/vlsi_design_lab_exp/GCT_VLSI_LAB/Quartus/FSM_Logic/simulation/qsim/ FSM_based_traffic_controller -c FSM_based_traffic_controller
quartus_eda --gen_testbench --tool=modelsim_oem --format=verilog --write_settings_files=off FSM_based_traffic_controller -c FSM_based_traffic_controller --vector_source=/media/hari-the-geth/HPCORE/vlsi_design_lab_exp/GCT_VLSI_LAB/Quartus/FSM_Logic/Waveform.vwf --testbench_file=/media/hari-the-geth/HPCORE/vlsi_design_lab_exp/GCT_VLSI_LAB/Quartus/FSM_Logic/simulation/qsim/Waveform.vwf.vt
quartus_eda --write_settings_files=off --simulation=on --functional=on --flatten_buses=off --tool=modelsim_oem --format=verilog --output_directory=/media/hari-the-geth/HPCORE/vlsi_design_lab_exp/GCT_VLSI_LAB/Quartus/FSM_Logic/simulation/qsim/ FSM_based_traffic_controller -c FSM_based_traffic_controller
quartus_eda --gen_testbench --tool=modelsim_oem --format=verilog --write_settings_files=off FSM_based_traffic_controller -c FSM_based_traffic_controller --vector_source=/media/hari-the-geth/HPCORE/vlsi_design_lab_exp/GCT_VLSI_LAB/Quartus/FSM_Logic/Waveform.vwf --testbench_file=/media/hari-the-geth/HPCORE/vlsi_design_lab_exp/GCT_VLSI_LAB/Quartus/FSM_Logic/simulation/qsim/Waveform.vwf.vt
quartus_eda --write_settings_files=off --simulation=on --functional=on --flatten_buses=off --tool=modelsim_oem --format=verilog --output_directory=/media/hari-the-geth/HPCORE/vlsi_design_lab_exp/GCT_VLSI_LAB/Quartus/FSM_Logic/simulation/qsim/ FSM_based_traffic_controller -c FSM_based_traffic_controller



